<?xml version="1.0" encoding="UTF-8"?>
<beans xmlns="http://www.springframework.org/schema/beans"
       xmlns:xsi="http://www.w3.org/2001/XMLSchema-instance"
       xmlns:aop="http://www.springframework.org/schema/aop"
       xmlns:tx="http://www.springframework.org/schema/tx"
       xsi:schemaLocation="http://www.springframework.org/schema/beans
                           http://www.springframework.org/schema/beans/spring-beans.xsd
                           http://www.springframework.org/schema/aop
                           http://www.springframework.org/schema/aop/spring-aop-3.0.xsd
                           http://www.springframework.org/schema/tx
                           http://www.springframework.org/schema/tx/spring-tx-2.5.xsd">

    <bean id="dataSource" class="org.springframework.jdbc.datasource.SimpleDriverDataSource">
        <property name="driverClass" value="com.mysql.cj.jdbc.Driver"/>
        <property name="url" value="jdbc:mysql://localhost/testdb"/>
        <property name="username" value="spring"/>
        <property name="password" value="book"/>
    </bean>

    <!--p.483 6-53 ProxyFactoryBean을 제거한 후의 빈 설정-->
    <bean id="userService" class="com.springbook.user.service.UserServiceImpl">
        <property name="userDao" ref="userDao"/>
        <property name="mailSender" ref="mailSender"/>
    </bean>

    <!--스태틱 멤버 클래스는 $로 지정한다.-->
    <bean id="testUserService" class="com.springbook.user.service.UserServiceImpl$TestUserService"
        parent="userService"/>

    <bean id="userDao" class="com.springbook.user.dao.UserDaoJdbc">
        <property name="dataSource" ref="dataSource"/>
    </bean>

    <bean id="transactionManager" class="org.springframework.jdbc.datasource.DataSourceTransactionManager">
        <property name="dataSource" ref="dataSource"/>
    </bean>

    <bean id="mailSender" class="com.springbook.user.service.DummyMailSender">
        <property name="host" value="mail.server.com"/>
    </bean>

    <aop:config>
        <aop:advisor advice-ref="transactionAdvice" pointcut="execution(* *..*ServiceImpl.upgrade*(..))"/>
        <aop:advisor advice-ref="batchTxAdvice" pointcut="execution(a.b.*batchJob.*.(..))"/>
    </aop:config>

    <!--아래 태그에 의해 TransactionInterceptor 빈이 등록된다.-->
    <tx:advice id="transactionAdvice" transaction-manager="transactionManager">
        <!--트랜잭션 매니저의 빈 아이디가 transactionManager라면 생략 가능-->
        <tx:attributes>
            <!--순서가 바뀌면 안 됨-->
            <tx:method name="get*" read-only="true"/>
            <!--get으로 시작하는 메서드에 대해서는 읽기 전용 속성을 부여 / cf. 해당 메서드가 트랜잭션의 실제 시작 위치가 아니라면 읽기전용 속성은 무시됨-->
            <tx:method name="*"/> <!--모든 target 메서드에 기본 트랜잭션 속성 지정-->
        </tx:attributes>
    </tx:advice>

    <tx:advice id="batchTxAdvice">
        <tx:attributes>
            <tx:method name="asdf*"/>
        </tx:attributes>
    </tx:advice>
</beans>