<?xml version="1.0" encoding="UTF-8"?>
<beans xmlns="http://www.springframework.org/schema/beans"
       xmlns:xsi="http://www.w3.org/2001/XMLSchema-instance"
       xsi:schemaLocation="http://www.springframework.org/schema/beans http://www.springframework.org/schema/beans/spring-beans.xsd">

    <bean id="dataSource" class="org.springframework.jdbc.datasource.SimpleDriverDataSource">
        <property name="driverClass" value="com.mysql.cj.jdbc.Driver"/>
        <property name="url" value="jdbc:mysql://localhost/testdb"/>
        <property name="username" value="spring"/>
        <property name="password" value="book"/>
    </bean>

    <!--UserService에 대한 트랜잭션 프록시 팩토리 빈 / 데코레이터 로직은 TransactionHandler 인스턴스가 갖고 있다.-->
    <bean id="userService" class="com.springbook.user.service.TxProxyFactoryBean">
        <property name="target" ref="userServiceImpl"/>
        <property name="transactionManager" ref="transactionManager"/>
        <property name="pattern" value="upgradeLevels"/>
        <property name="serviceInterface" value="com.springbook.user.service.UserService"/> <!--DI를 통한 다이나믹한 구성-->
    </bean>

    <!--target-->
    <bean id="userServiceImpl" class="com.springbook.user.service.UserServiceImpl">
        <property name="userDao" ref="userDao"/>
        <property name="mailSender" ref="mailSender"/>
    </bean>

    <bean id="userDao" class="com.springbook.user.dao.UserDaoJdbc">
        <property name="dataSource" ref="dataSource"/>
    </bean>

    <bean id="transactionManager" class="org.springframework.jdbc.datasource.DataSourceTransactionManager">
        <property name="dataSource" ref="dataSource"/>
    </bean>

    <bean id="mailSender" class="com.springbook.user.service.DummyMailSender">
        <property name="host" value="mail.server.com"/>
    </bean>
</beans>