<?xml version="1.0" encoding="UTF-8"?>
<beans xmlns="http://www.springframework.org/schema/beans"
       xmlns:xsi="http://www.w3.org/2001/XMLSchema-instance"
       xsi:schemaLocation="http://www.springframework.org/schema/beans http://www.springframework.org/schema/beans/spring-beans.xsd">

    <bean id="dataSource" class="org.springframework.jdbc.datasource.SimpleDriverDataSource">
        <property name="driverClass" value="com.mysql.cj.jdbc.Driver"/>
        <property name="url" value="jdbc:mysql://localhost/testdb"/>
        <property name="username" value="spring"/>
        <property name="password" value="book"/>
    </bean>

    <!--UserService에 대한 트랜잭션 프록시 팩토리 빈 / 데코레이터 로직은 TransactionHandler 인스턴스가 갖고 있다.-->
    <bean id="userService" class="com.springbook.user.service.TxProxyFactoryBean">
        <property name="target" ref="userServiceImpl"/>
        <property name="transactionManager" ref="transactionManager"/>
        <property name="pattern" value="upgradeLevels"/>
        <property name="serviceInterface" value="com.springbook.user.service.UserService"/> <!--DI를 통한 다이나믹한 구성-->
    </bean>

    <!--target-->
    <bean id="userServiceImpl" class="com.springbook.user.service.UserServiceImpl">
        <property name="userDao" ref="userDao"/>
        <property name="mailSender" ref="mailSender"/>
    </bean>

    <bean id="userDao" class="com.springbook.user.dao.UserDaoJdbc">
        <property name="dataSource" ref="dataSource"/>
    </bean>

    <bean id="transactionManager" class="org.springframework.jdbc.datasource.DataSourceTransactionManager">
        <property name="dataSource" ref="dataSource"/>
    </bean>

    <bean id="mailSender" class="com.springbook.user.service.DummyMailSender">
        <property name="host" value="mail.server.com"/>
    </bean>

    <!--p.459 6-38~40 생략-->
    <!--프록시 팩토리 빈 방식의 장점과 한계 중...-->
    <!--한계 1. 한 번에 여러 개의 클래스에 공통적인 부가기능을 제공하려면 빈 설정에서 중복 코드 발생.
    한계 2. 하나의 타겟에 여러 부가기능을 적용하려고 할 때도 서비스 빈 설정이 너무 길어짐.
    한계 3. 같은 기능을 제공하는 동일한 코드임에도 target 객체가 달라지면 새로운 Handler 객체를 만들어내야 함-->
</beans>