<?xml version="1.0" encoding="UTF-8"?>
<beans xmlns="http://www.springframework.org/schema/beans"
       xmlns:xsi="http://www.w3.org/2001/XMLSchema-instance"
       xsi:schemaLocation="http://www.springframework.org/schema/beans http://www.springframework.org/schema/beans/spring-beans.xsd">

    <bean id="dataSource" class="org.springframework.jdbc.datasource.SimpleDriverDataSource">
        <property name="driverClass" value="com.mysql.cj.jdbc.Driver"/>
        <property name="url" value="jdbc:mysql://localhost/testdb"/>
        <property name="username" value="spring"/>
        <property name="password" value="book"/>
    </bean>

    <!--p.483 6-53 ProxyFactoryBean을 제거한 후의 빈 설정-->
    <bean id="userService" class="com.springbook.user.service.UserServiceImpl">
        <property name="userDao" ref="userDao"/>
        <property name="mailSender" ref="mailSender"/>
    </bean>

    <!--스태틱 멤버 클래스는 $로 지정한다.-->
    <bean id="testUserService" class="com.springbook.user.service.UserServiceImpl$TestUserServiceImpl"
        parent="userService"/>

    <bean id="userDao" class="com.springbook.user.dao.UserDaoJdbc">
        <property name="dataSource" ref="dataSource"/>
    </bean>

    <bean id="transactionManager" class="org.springframework.jdbc.datasource.DataSourceTransactionManager">
        <property name="dataSource" ref="dataSource"/>
    </bean>

    <bean id="mailSender" class="com.springbook.user.service.DummyMailSender">
        <property name="host" value="mail.server.com"/>
    </bean>

    <!--p.459 6-38~40 생략-->
    <!--프록시 팩토리 빈 방식의 장점과 한계 중...-->
    <!--한계 1. 한 번에 여러 개의 클래스에 공통적인 부가기능을 제공하려면 빈 설정에서 중복 코드 발생.
    한계 2. 하나의 타겟에 여러 부가기능을 적용하려고 할 때도 서비스 빈 설정이 너무 길어짐.
    한계 3. 같은 기능을 제공하는 동일한 코드임에도 target 객체가 달라지면 새로운 Handler 객체를 만들어내야 함-->

    <bean id="transactionAdvice" class="com.springbook.proxy.TransactionAdvice">
        <property name="transactionManager" ref="transactionManager"/>
    </bean>

    <bean id="transactionPointcut" class="org.springframework.aop.aspectj.AspectJExpressionPointcut">
        <property name="expression" value="execution(* *..*ServiceImpl.upgrade*(..))"/>
    </bean>

    <bean id="transactionAdvisor" class="org.springframework.aop.support.DefaultPointcutAdvisor">
        <property name="advice" ref="transactionAdvice"/>
        <property name="pointcut" ref="transactionPointcut"/>
    </bean>

    <bean class="org.springframework.aop.framework.autoproxy.DefaultAdvisorAutoProxyCreator"/>

</beans>