<?xml version="1.0" encoding="UTF-8"?>
<beans xmlns="http://www.springframework.org/schema/beans"
       xmlns:xsi="http://www.w3.org/2001/XMLSchema-instance"
       xmlns:aop="http://www.springframework.org/schema/aop"
       xmlns:tx="http://www.springframework.org/schema/tx"
       xsi:schemaLocation="http://www.springframework.org/schema/beans
                           http://www.springframework.org/schema/beans/spring-beans.xsd
                           http://www.springframework.org/schema/aop
                           http://www.springframework.org/schema/aop/spring-aop-3.0.xsd
                           http://www.springframework.org/schema/tx
                           http://www.springframework.org/schema/tx/spring-tx-2.5.xsd">

    <bean id="dataSource" class="org.springframework.jdbc.datasource.SimpleDriverDataSource">
        <property name="driverClass" value="com.mysql.cj.jdbc.Driver"/>
        <property name="url" value="jdbc:mysql://localhost/testdb"/>
        <property name="username" value="spring"/>
        <property name="password" value="book"/>
    </bean>

    <!--p.483 6-53 ProxyFactoryBean을 제거한 후의 빈 설정-->
    <bean id="userService" class="com.springbook.user.service.UserServiceImpl">
        <property name="userDao" ref="userDao"/>
        <property name="mailSender" ref="mailSender"/>
    </bean>

    <!--스태틱 멤버 클래스는 $로 지정한다.-->
    <bean id="testUserService" class="com.springbook.user.service.UserServiceImpl$TestUserService"
        parent="userService"/>

    <bean id="userDao" class="com.springbook.user.dao.UserDaoJdbc">
        <property name="dataSource" ref="dataSource"/>
        <property name="sqlAdd" value="insert into users(id, name, password, email, level, login, recommend) values(?,?,?,?,?,?,?)"/>
    </bean>

    <bean id="transactionManager" class="org.springframework.jdbc.datasource.DataSourceTransactionManager">
        <property name="dataSource" ref="dataSource"/>
    </bean>

    <bean id="mailSender" class="com.springbook.user.service.DummyMailSender">
        <property name="host" value="mail.server.com"/>
    </bean>

    <tx:annotation-driven/>

</beans>